2009-02-02 10:47:39 Warning: Warning (2): Cannot modify header information - headers already sent by (output started at /Library/WebServer/Documents/umambo_cake/app/controllers/pages_controller.php:15) in [CORE/cake/libs/controller/controller.php, line 615]
2009-02-02 10:50:45 Warning: Warning (2): Cannot modify header information - headers already sent by (output started at /Library/WebServer/Documents/umambo_cake/app/controllers/pages_controller.php:15) in [CORE/cake/libs/controller/controller.php, line 615]
2009-02-02 10:51:38 Warning: Warning (2): Cannot modify header information - headers already sent by (output started at /Library/WebServer/Documents/umambo_cake/app/controllers/pages_controller.php:15) in [CORE/cake/libs/controller/controller.php, line 615]
2009-02-02 11:33:45 Warning: Warning (2): Cannot modify header information - headers already sent by (output started at /Library/WebServer/Documents/umambo_cake/app/controllers/pages_controller.php:19) in [CORE/cake/libs/controller/controller.php, line 615]
2009-02-02 11:35:06 Warning: Warning (2): Cannot modify header information - headers already sent by (output started at /Library/WebServer/Documents/umambo_cake/app/controllers/pages_controller.php:19) in [CORE/cake/libs/controller/controller.php, line 615]
2009-02-02 11:46:24 Warning: Warning (2): Cannot modify header information - headers already sent by (output started at /Library/WebServer/Documents/umambo_cake/cake/basics.php:312) in [CORE/cake/libs/controller/controller.php, line 615]
2009-02-02 11:46:39 Warning: Warning (2): Cannot modify header information - headers already sent by (output started at /Library/WebServer/Documents/umambo_cake/cake/basics.php:312) in [CORE/cake/libs/controller/controller.php, line 615]
2009-02-02 11:47:18 Warning: Warning (2): Cannot modify header information - headers already sent by (output started at /Library/WebServer/Documents/umambo_cake/cake/basics.php:312) in [CORE/cake/libs/controller/controller.php, line 615]
2009-02-02 11:54:23 Warning: Warning (2): Cannot modify header information - headers already sent by (output started at /Library/WebServer/Documents/umambo_cake/cake/basics.php:312) in [CORE/cake/libs/controller/controller.php, line 615]
2009-02-02 15:41:31 Warning: Warning (2): unlink(/Library/WebServer/Documents/umambo_cake/app/tmp/cache/models/cake_model_default_aros) [<a href='http://php.net/function.unlink'>function.unlink</a>]: No such file or directory in [CORE/cake/libs/file.php, line 292]
2009-02-02 15:41:31 Warning: Warning (2): unlink(/Library/WebServer/Documents/umambo_cake/app/tmp/cache/models/cake_model_default_acos) [<a href='http://php.net/function.unlink'>function.unlink</a>]: No such file or directory in [CORE/cake/libs/file.php, line 292]
2009-02-02 15:41:32 Warning: Warning (2): unlink(/Library/WebServer/Documents/umambo_cake/app/tmp/cache/persistent/cake_core_default_en_us) [<a href='http://php.net/function.unlink'>function.unlink</a>]: No such file or directory in [CORE/cake/libs/file.php, line 292]
2009-02-02 15:41:32 Warning: Warning (2): unlink(/Library/WebServer/Documents/umambo_cake/app/tmp/cache/persistent/cake_core_default_en_us) [<a href='http://php.net/function.unlink'>function.unlink</a>]: No such file or directory in [CORE/cake/libs/file.php, line 292]
2009-02-02 15:41:32 Warning: Warning (2): unlink(/Library/WebServer/Documents/umambo_cake/app/tmp/cache/persistent/cake_core_default_en_us) [<a href='http://php.net/function.unlink'>function.unlink</a>]: No such file or directory in [CORE/cake/libs/file.php, line 292]
2009-02-02 15:41:32 Warning: Warning (2): unlink(/Library/WebServer/Documents/umambo_cake/app/tmp/cache/persistent/cake_core_default_en_us) [<a href='http://php.net/function.unlink'>function.unlink</a>]: No such file or directory in [CORE/cake/libs/file.php, line 292]
2009-02-02 15:41:32 Warning: Warning (2): unlink(/Library/WebServer/Documents/umambo_cake/app/tmp/cache/persistent/cake_core_default_en_us) [<a href='http://php.net/function.unlink'>function.unlink</a>]: No such file or directory in [CORE/cake/libs/file.php, line 292]
2009-02-02 18:18:59 Warning: Warning (2): fopen(/Library/WebServer/Documents/umambo_cake/app/tmp/cache/persistent/cake_core_default_en_us) [<a href='http://php.net/function.fopen'>function.fopen</a>]: failed to open stream: No such file or directory in [CORE/cake/libs/file.php, line 156]
2009-02-03 11:10:21 Warning: Warning (2): unlink(/Library/WebServer/Documents/umambo_cake/app/tmp/cache/models/cake_model_default_acos) [<a href='http://php.net/function.unlink'>function.unlink</a>]: No such file or directory in [CORE/cake/libs/file.php, line 292]
2009-02-03 11:10:24 Warning: Warning (2): unlink(/Library/WebServer/Documents/umambo_cake/app/tmp/cache/persistent/cake_core_default_en_us) [<a href='http://php.net/function.unlink'>function.unlink</a>]: No such file or directory in [CORE/cake/libs/file.php, line 292]
2009-02-03 11:10:24 Warning: Warning (2): unlink(/Library/WebServer/Documents/umambo_cake/app/tmp/cache/persistent/cake_core_default_en_us) [<a href='http://php.net/function.unlink'>function.unlink</a>]: No such file or directory in [CORE/cake/libs/file.php, line 292]
2009-02-03 11:10:24 Warning: Warning (2): unlink(/Library/WebServer/Documents/umambo_cake/app/tmp/cache/persistent/cake_core_default_en_us) [<a href='http://php.net/function.unlink'>function.unlink</a>]: No such file or directory in [CORE/cake/libs/file.php, line 292]
2009-02-03 11:10:24 Warning: Warning (2): unlink(/Library/WebServer/Documents/umambo_cake/app/tmp/cache/persistent/cake_core_default_en_us) [<a href='http://php.net/function.unlink'>function.unlink</a>]: No such file or directory in [CORE/cake/libs/file.php, line 292]
2009-02-03 11:10:24 Warning: Warning (2): unlink(/Library/WebServer/Documents/umambo_cake/app/tmp/cache/persistent/cake_core_default_en_us) [<a href='http://php.net/function.unlink'>function.unlink</a>]: No such file or directory in [CORE/cake/libs/file.php, line 292]
2009-02-03 14:17:56 Warning: Warning (2): unlink(/Library/WebServer/Documents/umambo_cake/app/tmp/cache/models/cake_model_default_aros) [<a href='http://php.net/function.unlink'>function.unlink</a>]: No such file or directory in [CORE/cake/libs/file.php, line 292]
2009-02-03 14:18:02 Warning: Warning (2): unlink(/Library/WebServer/Documents/umambo_cake/app/tmp/cache/persistent/cake_core_default_en_us) [<a href='http://php.net/function.unlink'>function.unlink</a>]: No such file or directory in [CORE/cake/libs/file.php, line 292]
2009-02-03 14:18:02 Warning: Warning (2): unlink(/Library/WebServer/Documents/umambo_cake/app/tmp/cache/persistent/cake_core_default_en_us) [<a href='http://php.net/function.unlink'>function.unlink</a>]: No such file or directory in [CORE/cake/libs/file.php, line 292]
2009-02-03 14:18:02 Warning: Warning (2): unlink(/Library/WebServer/Documents/umambo_cake/app/tmp/cache/persistent/cake_core_default_en_us) [<a href='http://php.net/function.unlink'>function.unlink</a>]: No such file or directory in [CORE/cake/libs/file.php, line 292]
